

Version:	3.50
CmdLine:	D:\guessTheGame\Game.exe --l4j-debug
JNI:		No
WOW64:		Yes
Working dir:	D:\guessTheGame\.
Requires JDK:	No
Requires 64-Bit: No
Java min ver:	
Java max ver:	
Substitute:	JAVA_HOME = 
Substitute:	PATH = C:\Program Files (x86)\Common Files\Oracle\Java\javapath;C:\Program Files (x86)\Intel\Intel(R) Management Engine Components\iCLS\;C:\Program Files\Intel\Intel(R) Management Engine Components\iCLS\;C:\WINDOWS\system32;C:\WINDOWS;C:\WINDOWS\System32\Wbem;C:\WINDOWS\System32\WindowsPowerShell\v1.0\;C:\WINDOWS\System32\OpenSSH\;C:\Program Files (x86)\Intel\Intel(R) Management Engine Components\DAL;C:\Program Files\Intel\Intel(R) Management Engine Components\DAL;C:\Program Files\Intel\WiFi\bin\;C:\Program Files\Common Files\Intel\WirelessCommon\;C:\Program Files\Git\cmd;D:\java\bin;D:\java;D:\Microsoft VS Code\bin;C:\msys64\ucrt64\bin;;D:\java\bin
JRE paths:	;C:\Program Files (x86)\Common Files\Oracle\Java\javapath;C:\Program Files (x86)\Intel\Intel(R) Management Engine Components\iCLS\;C:\Program Files\Intel\Intel(R) Management Engine Components\iCLS\;C:\WINDOWS\system32;C:\WINDOWS;C:\WINDOWS\System32\Wbem;C:\WINDOWS\System32\WindowsPowerShell\v1.0\;C:\WINDOWS\System32\OpenSSH\;C:\Program Files (x86)\Intel\Intel(R) Management Engine Components\DAL;C:\Program Files\Intel\Intel(R) Management Engine Components\DAL;C:\Program Files\Intel\WiFi\bin\;C:\Program Files\Common Files\Intel\WirelessCommon\;C:\Program Files\Git\cmd;D:\java\bin;D:\java;D:\Microsoft VS Code\bin;C:\msys64\ucrt64\bin;;D:\java\bin
Check launcher:	C:\Program Files (x86)\Common Files\Oracle\Java\javapath\bin\javaw.exe (not found)
Check launcher:	C:\Program Files (x86)\Intel\Intel(R) Management Engine Components\iCLS\bin\javaw.exe (not found)
Check launcher:	C:\Program Files\Intel\Intel(R) Management Engine Components\iCLS\bin\javaw.exe (not found)
Check launcher:	C:\WINDOWS\system32\bin\javaw.exe (not found)
Check launcher:	C:\WINDOWS\bin\javaw.exe (not found)
Check launcher:	C:\WINDOWS\System32\Wbem\bin\javaw.exe (not found)
Check launcher:	C:\WINDOWS\System32\WindowsPowerShell\v1.0\bin\javaw.exe (not found)
Check launcher:	C:\WINDOWS\System32\OpenSSH\bin\javaw.exe (not found)
Check launcher:	C:\Program Files (x86)\Intel\Intel(R) Management Engine Components\DAL\bin\javaw.exe (not found)
Check launcher:	C:\Program Files\Intel\Intel(R) Management Engine Components\DAL\bin\javaw.exe (not found)
Check launcher:	C:\Program Files\Intel\WiFi\bin\bin\javaw.exe (not found)
Check launcher:	C:\Program Files\Common Files\Intel\WirelessCommon\bin\javaw.exe (not found)
Check launcher:	C:\Program Files\Git\cmd\bin\javaw.exe (not found)
Check launcher:	D:\java\bin\javaw.exe (OK)
Version string: 1.020.000_002 / 64-Bit (OK)
Launcher:	D:\java\bin\javaw.exe
Launcher args:	-jar "D:\guessTheGame\Game.exe"
Args length:	31/32768 chars
Exit code:	0


Version:	3.50
CmdLine:	D:\guessTheGame\Game.exe --l4j-debug
JNI:		No
WOW64:		Yes
Working dir:	D:\guessTheGame\.
Requires JDK:	No
Requires 64-Bit: No
Java min ver:	
Java max ver:	
Substitute:	JAVA_HOME = 
Substitute:	PATH = C:\Program Files (x86)\Common Files\Oracle\Java\javapath;C:\Program Files (x86)\Intel\Intel(R) Management Engine Components\iCLS\;C:\Program Files\Intel\Intel(R) Management Engine Components\iCLS\;C:\WINDOWS\system32;C:\WINDOWS;C:\WINDOWS\System32\Wbem;C:\WINDOWS\System32\WindowsPowerShell\v1.0\;C:\WINDOWS\System32\OpenSSH\;C:\Program Files (x86)\Intel\Intel(R) Management Engine Components\DAL;C:\Program Files\Intel\Intel(R) Management Engine Components\DAL;C:\Program Files\Intel\WiFi\bin\;C:\Program Files\Common Files\Intel\WirelessCommon\;C:\Program Files\Git\cmd;D:\java\bin;D:\java;D:\Microsoft VS Code\bin;C:\msys64\ucrt64\bin;;D:\java\bin
JRE paths:	;C:\Program Files (x86)\Common Files\Oracle\Java\javapath;C:\Program Files (x86)\Intel\Intel(R) Management Engine Components\iCLS\;C:\Program Files\Intel\Intel(R) Management Engine Components\iCLS\;C:\WINDOWS\system32;C:\WINDOWS;C:\WINDOWS\System32\Wbem;C:\WINDOWS\System32\WindowsPowerShell\v1.0\;C:\WINDOWS\System32\OpenSSH\;C:\Program Files (x86)\Intel\Intel(R) Management Engine Components\DAL;C:\Program Files\Intel\Intel(R) Management Engine Components\DAL;C:\Program Files\Intel\WiFi\bin\;C:\Program Files\Common Files\Intel\WirelessCommon\;C:\Program Files\Git\cmd;D:\java\bin;D:\java;D:\Microsoft VS Code\bin;C:\msys64\ucrt64\bin;;D:\java\bin
Check launcher:	C:\Program Files (x86)\Common Files\Oracle\Java\javapath\bin\javaw.exe (not found)
Check launcher:	C:\Program Files (x86)\Intel\Intel(R) Management Engine Components\iCLS\bin\javaw.exe (not found)
Check launcher:	C:\Program Files\Intel\Intel(R) Management Engine Components\iCLS\bin\javaw.exe (not found)
Check launcher:	C:\WINDOWS\system32\bin\javaw.exe (not found)
Check launcher:	C:\WINDOWS\bin\javaw.exe (not found)
Check launcher:	C:\WINDOWS\System32\Wbem\bin\javaw.exe (not found)
Check launcher:	C:\WINDOWS\System32\WindowsPowerShell\v1.0\bin\javaw.exe (not found)
Check launcher:	C:\WINDOWS\System32\OpenSSH\bin\javaw.exe (not found)
Check launcher:	C:\Program Files (x86)\Intel\Intel(R) Management Engine Components\DAL\bin\javaw.exe (not found)
Check launcher:	C:\Program Files\Intel\Intel(R) Management Engine Components\DAL\bin\javaw.exe (not found)
Check launcher:	C:\Program Files\Intel\WiFi\bin\bin\javaw.exe (not found)
Check launcher:	C:\Program Files\Common Files\Intel\WirelessCommon\bin\javaw.exe (not found)
Check launcher:	C:\Program Files\Git\cmd\bin\javaw.exe (not found)
Check launcher:	D:\java\bin\javaw.exe (OK)
Version string: 1.020.000_002 / 64-Bit (OK)
Launcher:	D:\java\bin\javaw.exe
Launcher args:	-jar "D:\guessTheGame\Game.exe"
Args length:	31/32768 chars
Exit code:	0


Version:	3.50
CmdLine:	D:\guessTheGame\Game.exe --l4j-debug
JNI:		No
WOW64:		Yes
Working dir:	D:\guessTheGame\.
Requires JDK:	No
Requires 64-Bit: No
Java min ver:	
Java max ver:	
JRE paths:	jre
Check launcher:	D:\guessTheGame\jre\bin\javaw.exe (OK)
Version string: 1.021.000_004 / 64-Bit (OK)
Launcher:	D:\guessTheGame\jre\bin\javaw.exe
Launcher args:	-jar "D:\guessTheGame\Game.exe"
Args length:	31/32768 chars
Exit code:	0


Version:	3.50
CmdLine:	D:\guessTheGame\Game.exe --l4j-debug
JNI:		No
WOW64:		Yes
Working dir:	D:\guessTheGame\.
Requires JDK:	Yes
Requires 64-Bit: No
Java min ver:	
Java max ver:	
JRE paths:	jre
Check launcher:	D:\guessTheGame\jre\bin\javaw.exe (OK)
Check javac:	D:\guessTheGame\jre\bin\javac.exe (not found)
Error msg:	This application requires a Java Runtime Environment.


Version:	3.50
CmdLine:	D:\guessTheGame\Game.exe --l4j-debug
JNI:		No
WOW64:		Yes
Working dir:	D:\guessTheGame\.
Requires JDK:	Yes
Requires 64-Bit: No
Java min ver:	
Java max ver:	
JRE paths:	jre
Check launcher:	D:\guessTheGame\jre\bin\javaw.exe (OK)
Check javac:	D:\guessTheGame\jre\bin\javac.exe (not found)
Error msg:	This application requires a Java Runtime Environment.


Version:	3.50
CmdLine:	D:\guessTheGame\Game.exe --l4j-debug
JNI:		No
WOW64:		Yes
Working dir:	D:\guessTheGame\.
Requires JDK:	Yes
Requires 64-Bit: No
Java min ver:	
Java max ver:	
JRE paths:	jre\bin\javaw.exe
Check launcher:	D:\guessTheGame\jre\bin\javaw.exe\bin\javaw.exe (not found)
Error msg:	This application requires a Java Runtime Environment.


Version:	3.50
CmdLine:	D:\guessTheGame\Game.exe --l4j-debug
JNI:		No
WOW64:		Yes
Working dir:	D:\guessTheGame\.
Requires JDK:	Yes
Requires 64-Bit: No
Java min ver:	
Java max ver:	
JRE paths:	jre\bin
Check launcher:	D:\guessTheGame\jre\bin\javaw.exe (OK)
Check javac:	D:\guessTheGame\jre\bin\javac.exe (not found)
Error msg:	This application requires a Java Runtime Environment.


Version:	3.50
CmdLine:	D:\guessTheGame\Game.exe --l4j-debug
JNI:		No
WOW64:		Yes
Working dir:	D:\guessTheGame\.
Requires JDK:	Yes
Requires 64-Bit: No
Java min ver:	
Java max ver:	
JRE paths:	jre\bin\javaw.exe
Check launcher:	D:\guessTheGame\jre\bin\javaw.exe\bin\javaw.exe (not found)
Error msg:	This application requires a Java Runtime Environment.


Version:	3.50
CmdLine:	D:\guessTheGame\Game.exe --l4j-debug
JNI:		No
WOW64:		Yes
Working dir:	D:\guessTheGame\.
Requires JDK:	Yes
Requires 64-Bit: No
Java min ver:	
Java max ver:	
JRE paths:	jre
Check launcher:	D:\guessTheGame\jre\bin\javaw.exe (OK)
Check javac:	D:\guessTheGame\jre\bin\javac.exe (not found)
Error msg:	This application requires a Java Runtime Environment.


Version:	3.50
CmdLine:	D:\guessTheGame\Game.exe --l4j-debug
JNI:		No
WOW64:		Yes
Working dir:	D:\guessTheGame\.
Requires JDK:	Yes
Requires 64-Bit: No
Java min ver:	1.004.000
Java max ver:	
JRE paths:	jre
Check launcher:	D:\guessTheGame\jre\bin\javaw.exe (OK)
Check javac:	D:\guessTheGame\jre\bin\javac.exe (not found)
64-bit search:	SOFTWARE\JavaSoft\Java Development Kit...
32-bit search:	SOFTWARE\JavaSoft\Java Development Kit...
64-bit search:	SOFTWARE\JavaSoft\JDK...
32-bit search:	SOFTWARE\JavaSoft\JDK...
64-bit search:	SOFTWARE\IBM\Java Development Kit...
32-bit search:	SOFTWARE\IBM\Java Development Kit...
64-bit search:	SOFTWARE\IBM\Java Development Kit...
32-bit search:	SOFTWARE\IBM\Java Development Kit...
Error msg:	This application requires a Java Runtime Environment 1.4.0


Version:	3.50
CmdLine:	D:\guessTheGame\Game.exe --l4j-debug
JNI:		No
WOW64:		Yes
Working dir:	D:\guessTheGame\.
Requires JDK:	No
Requires 64-Bit: No
Java min ver:	1.004.000
Java max ver:	
JRE paths:	jre
Check launcher:	D:\guessTheGame\jre\bin\javaw.exe (OK)
Version string: 1.021.000_004 / 64-Bit (OK)
Substitute:	EXEDIR = D:\guessTheGame
Launcher:	D:\guessTheGame\jre\bin\javaw.exe
Launcher args:	-Dlaunch4j.exedir="D:\guessTheGame" -jar "D:\guessTheGame\Game.exe"
Args length:	67/32768 chars
Exit code:	0


Version:	3.50
CmdLine:	D:\guessTheGame\Game.exe --l4j-debug
JNI:		No
WOW64:		Yes
Working dir:	D:\guessTheGame\.
Requires JDK:	Yes
Requires 64-Bit: No
Java min ver:	1.004.000
Java max ver:	
JRE paths:	jre
Check launcher:	D:\guessTheGame\jre\bin\javaw.exe (OK)
Check javac:	D:\guessTheGame\jre\bin\javac.exe (not found)
64-bit search:	SOFTWARE\JavaSoft\Java Development Kit...
32-bit search:	SOFTWARE\JavaSoft\Java Development Kit...
64-bit search:	SOFTWARE\JavaSoft\JDK...
32-bit search:	SOFTWARE\JavaSoft\JDK...
64-bit search:	SOFTWARE\IBM\Java Development Kit...
32-bit search:	SOFTWARE\IBM\Java Development Kit...
64-bit search:	SOFTWARE\IBM\Java Development Kit...
32-bit search:	SOFTWARE\IBM\Java Development Kit...
Error msg:	This application requires a Java Runtime Environment 1.4.0


Version:	3.50
CmdLine:	D:\guessTheGame\Game.exe --l4j-debug
JNI:		No
WOW64:		Yes
Working dir:	D:\guessTheGame\.
Requires JDK:	No
Requires 64-Bit: No
Java min ver:	1.004.000
Java max ver:	
JRE paths:	jre
Check launcher:	D:\guessTheGame\jre\bin\javaw.exe (not found)
64-bit search:	SOFTWARE\JavaSoft\Java Runtime Environment...
32-bit search:	SOFTWARE\JavaSoft\Java Runtime Environment...
Check:		SOFTWARE\JavaSoft\Java Runtime Environment\1.8
Version string: 1.008.000 / 32-Bit (OK)
Check launcher:	C:\Program Files (x86)\Java\jre-1.8\bin\javaw.exe (OK)
Match:		1.008.000
Runtime used:	1.008.000 (32-bit)
Substitute:	EXEDIR = D:\guessTheGame
Launcher:	C:\Program Files (x86)\Java\jre-1.8\bin\javaw.exe
Launcher args:	-Dlaunch4j.exedir="D:\guessTheGame" -jar "D:\guessTheGame\Game.exe"
Args length:	67/32768 chars
Exit code:	0


Version:	3.50
CmdLine:	D:\guessTheGame\Game.exe --l4j-debug
JNI:		No
WOW64:		Yes
Working dir:	D:\guessTheGame\.
Requires JDK:	No
Requires 64-Bit: No
Java min ver:	1.004.000
Java max ver:	
JRE paths:	jre
Check launcher:	D:\guessTheGame\jre\bin\javaw.exe (OK)
Version string: 1.021.000_004 / 64-Bit (OK)
Substitute:	EXEDIR = D:\guessTheGame
Launcher:	D:\guessTheGame\jre\bin\javaw.exe
Launcher args:	-Dlaunch4j.exedir="D:\guessTheGame" -jar "D:\guessTheGame\Game.exe"
Args length:	67/32768 chars
Exit code:	0


Version:	3.50
CmdLine:	D:\guessTheGame\Game.exe --l4j-debug
JNI:		No
WOW64:		Yes
Working dir:	D:\guessTheGame\.
Requires JDK:	No
Requires 64-Bit: No
Java min ver:	1.004.000
Java max ver:	
JRE paths:	jre
Check launcher:	D:\guessTheGame\jre\bin\javaw.exe (OK)
Version string: 1.021.000_004 / 64-Bit (OK)
Substitute:	EXEDIR = D:\guessTheGame
Launcher:	D:\guessTheGame\jre\bin\javaw.exe
Launcher args:	-Dlaunch4j.exedir="D:\guessTheGame" -jar "D:\guessTheGame\Game.exe"
Args length:	67/32768 chars
Exit code:	0
